2023-01-10 00:52:18.473  WARN 26036 --- [HikariPool-1 housekeeper] com.zaxxer.hikari.pool.HikariPool        : HikariPool-1 - Thread starvation or clock leap detected (housekeeper delta=2h47m13s163ms918µs500ns).
2023-01-10 09:08:54.074  WARN 26036 --- [HikariPool-1 housekeeper] com.zaxxer.hikari.pool.HikariPool        : HikariPool-1 - Thread starvation or clock leap detected (housekeeper delta=8h16m40s457ms894µs400ns).
2023-01-10 10:04:50.942  INFO 26036 --- [SpringApplicationShutdownHook] j.LocalContainerEntityManagerFactoryBean : Closing JPA EntityManagerFactory for persistence unit 'default'
2023-01-10 10:04:50.997  INFO 26036 --- [SpringApplicationShutdownHook] com.zaxxer.hikari.HikariDataSource       : HikariPool-1 - Shutdown initiated...
2023-01-10 10:04:51.011  INFO 26036 --- [SpringApplicationShutdownHook] com.zaxxer.hikari.HikariDataSource       : HikariPool-1 - Shutdown completed.
2023-01-10 10:04:55.943  INFO 20288 --- [restartedMain] .k.s.l.SpringBootLoginExampleApplication : Starting SpringBootLoginExampleApplication using Java 19.0.1 on DCIREODCPR10 with PID 20288 (C:\Users\jssagara\Desktop\kalata-backend\target\classes started by jssagara in C:\Users\jssagara\Desktop\kalata-backend)
2023-01-10 10:04:55.946  INFO 20288 --- [restartedMain] .k.s.l.SpringBootLoginExampleApplication : No active profile set, falling back to 1 default profile: "default"
2023-01-10 10:04:56.000  INFO 20288 --- [restartedMain] .e.DevToolsPropertyDefaultsPostProcessor : Devtools property defaults active! Set 'spring.devtools.add-properties' to 'false' to disable
2023-01-10 10:04:56.000  INFO 20288 --- [restartedMain] .e.DevToolsPropertyDefaultsPostProcessor : For additional web related logging consider setting the 'logging.level.web' property to 'DEBUG'
2023-01-10 10:04:56.888  INFO 20288 --- [restartedMain] .s.d.r.c.RepositoryConfigurationDelegate : Bootstrapping Spring Data JPA repositories in DEFAULT mode.
2023-01-10 10:04:56.949  INFO 20288 --- [restartedMain] .s.d.r.c.RepositoryConfigurationDelegate : Finished Spring Data repository scanning in 53 ms. Found 4 JPA repository interfaces.
2023-01-10 10:04:57.682  INFO 20288 --- [restartedMain] o.s.b.w.embedded.tomcat.TomcatWebServer  : Tomcat initialized with port(s): 8080 (http)
2023-01-10 10:04:57.695  INFO 20288 --- [restartedMain] o.apache.catalina.core.StandardService   : Starting service [Tomcat]
2023-01-10 10:04:57.696  INFO 20288 --- [restartedMain] org.apache.catalina.core.StandardEngine  : Starting Servlet engine: [Apache Tomcat/9.0.65]
2023-01-10 10:04:57.767  INFO 20288 --- [restartedMain] o.a.c.c.C.[Tomcat].[localhost].[/]       : Initializing Spring embedded WebApplicationContext
2023-01-10 10:04:57.767  INFO 20288 --- [restartedMain] w.s.c.ServletWebServerApplicationContext : Root WebApplicationContext: initialization completed in 1766 ms
2023-01-10 10:04:57.932  INFO 20288 --- [restartedMain] o.hibernate.jpa.internal.util.LogHelper  : HHH000204: Processing PersistenceUnitInfo [name: default]
2023-01-10 10:04:57.983  INFO 20288 --- [restartedMain] org.hibernate.Version                    : HHH000412: Hibernate ORM core version 5.6.10.Final
2023-01-10 10:04:58.123  INFO 20288 --- [restartedMain] o.hibernate.annotations.common.Version   : HCANN000001: Hibernate Commons Annotations {5.1.2.Final}
2023-01-10 10:04:58.216  INFO 20288 --- [restartedMain] com.zaxxer.hikari.HikariDataSource       : HikariPool-1 - Starting...
2023-01-10 10:04:58.365  INFO 20288 --- [restartedMain] com.zaxxer.hikari.HikariDataSource       : HikariPool-1 - Start completed.
2023-01-10 10:04:58.393  INFO 20288 --- [restartedMain] org.hibernate.dialect.Dialect            : HHH000400: Using dialect: org.hibernate.dialect.MySQL55Dialect
2023-01-10 10:04:59.111  INFO 20288 --- [restartedMain] o.h.e.t.j.p.i.JtaPlatformInitiator       : HHH000490: Using JtaPlatform implementation: [org.hibernate.engine.transaction.jta.platform.internal.NoJtaPlatform]
2023-01-10 10:04:59.121  INFO 20288 --- [restartedMain] j.LocalContainerEntityManagerFactoryBean : Initialized JPA EntityManagerFactory for persistence unit 'default'
2023-01-10 10:04:59.695  WARN 20288 --- [restartedMain] JpaBaseConfiguration$JpaWebConfiguration : spring.jpa.open-in-view is enabled by default. Therefore, database queries may be performed during view rendering. Explicitly configure spring.jpa.open-in-view to disable this warning
2023-01-10 10:04:59.929  INFO 20288 --- [restartedMain] o.s.s.web.DefaultSecurityFilterChain     : Will secure any request with [org.springframework.security.web.session.DisableEncodeUrlFilter@58cdd39f, org.springframework.security.web.context.request.async.WebAsyncManagerIntegrationFilter@5d90f2c2, org.springframework.security.web.context.SecurityContextPersistenceFilter@eb2a780, org.springframework.security.web.header.HeaderWriterFilter@5dd20260, org.springframework.web.filter.CorsFilter@218b5fc0, org.springframework.security.web.authentication.logout.LogoutFilter@2f636e34, com.kalata.spring.login.security.jwt.AuthTokenFilter@f560185, org.springframework.security.web.savedrequest.RequestCacheAwareFilter@72cb6ea2, org.springframework.security.web.servletapi.SecurityContextHolderAwareRequestFilter@3d8bdc5a, org.springframework.security.web.authentication.AnonymousAuthenticationFilter@118aa77f, org.springframework.security.web.session.SessionManagementFilter@1de94f42, org.springframework.security.web.access.ExceptionTranslationFilter@2d78eb94, org.springframework.security.web.access.intercept.FilterSecurityInterceptor@6b4dd2a6]
2023-01-10 10:05:00.154  INFO 20288 --- [restartedMain] o.s.b.d.a.OptionalLiveReloadServer       : LiveReload server is running on port 35729
2023-01-10 10:05:00.179  INFO 20288 --- [restartedMain] o.s.b.w.embedded.tomcat.TomcatWebServer  : Tomcat started on port(s): 8080 (http) with context path ''
2023-01-10 10:05:00.189  INFO 20288 --- [restartedMain] .k.s.l.SpringBootLoginExampleApplication : Started SpringBootLoginExampleApplication in 4.694 seconds (JVM running for 5.448)
2023-01-10 10:07:10.625  INFO 20288 --- [SpringApplicationShutdownHook] j.LocalContainerEntityManagerFactoryBean : Closing JPA EntityManagerFactory for persistence unit 'default'
2023-01-10 10:07:10.633  INFO 20288 --- [SpringApplicationShutdownHook] com.zaxxer.hikari.HikariDataSource       : HikariPool-1 - Shutdown initiated...
2023-01-10 10:07:10.656  INFO 20288 --- [SpringApplicationShutdownHook] com.zaxxer.hikari.HikariDataSource       : HikariPool-1 - Shutdown completed.
2023-01-10 10:30:07.518  INFO 18548 --- [restartedMain] .k.s.l.SpringBootLoginExampleApplication : Starting SpringBootLoginExampleApplication using Java 19.0.1 on DCIREODCPR10 with PID 18548 (C:\Users\jssagara\Desktop\kalata-backend\target\classes started by jssagara in C:\Users\jssagara\Desktop\kalata-backend)
2023-01-10 10:30:07.519  INFO 18548 --- [restartedMain] .k.s.l.SpringBootLoginExampleApplication : No active profile set, falling back to 1 default profile: "default"
2023-01-10 10:30:07.570  INFO 18548 --- [restartedMain] .e.DevToolsPropertyDefaultsPostProcessor : Devtools property defaults active! Set 'spring.devtools.add-properties' to 'false' to disable
2023-01-10 10:30:07.570  INFO 18548 --- [restartedMain] .e.DevToolsPropertyDefaultsPostProcessor : For additional web related logging consider setting the 'logging.level.web' property to 'DEBUG'
2023-01-10 10:30:08.569  INFO 18548 --- [restartedMain] .s.d.r.c.RepositoryConfigurationDelegate : Bootstrapping Spring Data JPA repositories in DEFAULT mode.
2023-01-10 10:30:08.633  INFO 18548 --- [restartedMain] .s.d.r.c.RepositoryConfigurationDelegate : Finished Spring Data repository scanning in 52 ms. Found 4 JPA repository interfaces.
2023-01-10 10:30:09.276  INFO 18548 --- [restartedMain] o.s.b.w.embedded.tomcat.TomcatWebServer  : Tomcat initialized with port(s): 8080 (http)
2023-01-10 10:30:09.289  INFO 18548 --- [restartedMain] o.apache.catalina.core.StandardService   : Starting service [Tomcat]
2023-01-10 10:30:09.290  INFO 18548 --- [restartedMain] org.apache.catalina.core.StandardEngine  : Starting Servlet engine: [Apache Tomcat/9.0.65]
2023-01-10 10:30:09.358  INFO 18548 --- [restartedMain] o.a.c.c.C.[Tomcat].[localhost].[/]       : Initializing Spring embedded WebApplicationContext
2023-01-10 10:30:09.358  INFO 18548 --- [restartedMain] w.s.c.ServletWebServerApplicationContext : Root WebApplicationContext: initialization completed in 1787 ms
2023-01-10 10:30:09.519  INFO 18548 --- [restartedMain] o.hibernate.jpa.internal.util.LogHelper  : HHH000204: Processing PersistenceUnitInfo [name: default]
2023-01-10 10:30:09.578  INFO 18548 --- [restartedMain] org.hibernate.Version                    : HHH000412: Hibernate ORM core version 5.6.10.Final
2023-01-10 10:30:09.711  INFO 18548 --- [restartedMain] o.hibernate.annotations.common.Version   : HCANN000001: Hibernate Commons Annotations {5.1.2.Final}
2023-01-10 10:30:09.815  INFO 18548 --- [restartedMain] com.zaxxer.hikari.HikariDataSource       : HikariPool-1 - Starting...
2023-01-10 10:30:09.964  INFO 18548 --- [restartedMain] com.zaxxer.hikari.HikariDataSource       : HikariPool-1 - Start completed.
2023-01-10 10:30:09.990  INFO 18548 --- [restartedMain] org.hibernate.dialect.Dialect            : HHH000400: Using dialect: org.hibernate.dialect.MySQL55Dialect
2023-01-10 10:30:10.726  INFO 18548 --- [restartedMain] o.h.e.t.j.p.i.JtaPlatformInitiator       : HHH000490: Using JtaPlatform implementation: [org.hibernate.engine.transaction.jta.platform.internal.NoJtaPlatform]
2023-01-10 10:30:10.731  INFO 18548 --- [restartedMain] j.LocalContainerEntityManagerFactoryBean : Initialized JPA EntityManagerFactory for persistence unit 'default'
2023-01-10 10:30:11.453  WARN 18548 --- [restartedMain] JpaBaseConfiguration$JpaWebConfiguration : spring.jpa.open-in-view is enabled by default. Therefore, database queries may be performed during view rendering. Explicitly configure spring.jpa.open-in-view to disable this warning
2023-01-10 10:30:11.715  INFO 18548 --- [restartedMain] o.s.s.web.DefaultSecurityFilterChain     : Will secure any request with [org.springframework.security.web.session.DisableEncodeUrlFilter@76ddf060, org.springframework.security.web.context.request.async.WebAsyncManagerIntegrationFilter@3eb49eec, org.springframework.security.web.context.SecurityContextPersistenceFilter@20007fca, org.springframework.security.web.header.HeaderWriterFilter@7300a45b, org.springframework.web.filter.CorsFilter@230c4fc9, org.springframework.security.web.authentication.logout.LogoutFilter@176d00e3, com.kalata.spring.login.security.jwt.AuthTokenFilter@7d0bb94, org.springframework.security.web.savedrequest.RequestCacheAwareFilter@217031dc, org.springframework.security.web.servletapi.SecurityContextHolderAwareRequestFilter@3b4126fb, org.springframework.security.web.authentication.AnonymousAuthenticationFilter@52e205bf, org.springframework.security.web.session.SessionManagementFilter@1e23e7a4, org.springframework.security.web.access.ExceptionTranslationFilter@139c7441, org.springframework.security.web.access.intercept.FilterSecurityInterceptor@232d7196]
2023-01-10 10:30:11.999  INFO 18548 --- [restartedMain] o.s.b.d.a.OptionalLiveReloadServer       : LiveReload server is running on port 35729
2023-01-10 10:30:12.043  INFO 18548 --- [restartedMain] o.s.b.w.embedded.tomcat.TomcatWebServer  : Tomcat started on port(s): 8080 (http) with context path ''
2023-01-10 10:30:12.053  INFO 18548 --- [restartedMain] .k.s.l.SpringBootLoginExampleApplication : Started SpringBootLoginExampleApplication in 4.955 seconds (JVM running for 7.689)
2023-01-10 12:26:42.097  INFO 18548 --- [SpringApplicationShutdownHook] j.LocalContainerEntityManagerFactoryBean : Closing JPA EntityManagerFactory for persistence unit 'default'
2023-01-10 12:26:42.130  INFO 18548 --- [SpringApplicationShutdownHook] com.zaxxer.hikari.HikariDataSource       : HikariPool-1 - Shutdown initiated...
2023-01-10 12:26:42.138  INFO 18548 --- [SpringApplicationShutdownHook] com.zaxxer.hikari.HikariDataSource       : HikariPool-1 - Shutdown completed.
2023-01-10 12:26:57.568  INFO 20460 --- [restartedMain] .k.s.l.SpringBootLoginExampleApplication : Starting SpringBootLoginExampleApplication using Java 19.0.1 on DCIREODCPR10 with PID 20460 (C:\Users\jssagara\Desktop\kalata-backend\target\classes started by jssagara in C:\Users\jssagara\Desktop\kalata-backend)
2023-01-10 12:26:57.570  INFO 20460 --- [restartedMain] .k.s.l.SpringBootLoginExampleApplication : No active profile set, falling back to 1 default profile: "default"
2023-01-10 12:26:57.629  INFO 20460 --- [restartedMain] .e.DevToolsPropertyDefaultsPostProcessor : Devtools property defaults active! Set 'spring.devtools.add-properties' to 'false' to disable
2023-01-10 12:26:57.629  INFO 20460 --- [restartedMain] .e.DevToolsPropertyDefaultsPostProcessor : For additional web related logging consider setting the 'logging.level.web' property to 'DEBUG'
2023-01-10 12:26:58.719  INFO 20460 --- [restartedMain] .s.d.r.c.RepositoryConfigurationDelegate : Bootstrapping Spring Data JPA repositories in DEFAULT mode.
2023-01-10 12:26:58.780  INFO 20460 --- [restartedMain] .s.d.r.c.RepositoryConfigurationDelegate : Finished Spring Data repository scanning in 54 ms. Found 4 JPA repository interfaces.
2023-01-10 12:26:59.541  INFO 20460 --- [restartedMain] o.s.b.w.embedded.tomcat.TomcatWebServer  : Tomcat initialized with port(s): 8080 (http)
2023-01-10 12:26:59.557  INFO 20460 --- [restartedMain] o.apache.catalina.core.StandardService   : Starting service [Tomcat]
2023-01-10 12:26:59.558  INFO 20460 --- [restartedMain] org.apache.catalina.core.StandardEngine  : Starting Servlet engine: [Apache Tomcat/9.0.65]
2023-01-10 12:26:59.633  INFO 20460 --- [restartedMain] o.a.c.c.C.[Tomcat].[localhost].[/]       : Initializing Spring embedded WebApplicationContext
2023-01-10 12:26:59.634  INFO 20460 --- [restartedMain] w.s.c.ServletWebServerApplicationContext : Root WebApplicationContext: initialization completed in 2004 ms
2023-01-10 12:26:59.819  INFO 20460 --- [restartedMain] o.hibernate.jpa.internal.util.LogHelper  : HHH000204: Processing PersistenceUnitInfo [name: default]
2023-01-10 12:26:59.879  INFO 20460 --- [restartedMain] org.hibernate.Version                    : HHH000412: Hibernate ORM core version 5.6.10.Final
2023-01-10 12:27:00.083  INFO 20460 --- [restartedMain] o.hibernate.annotations.common.Version   : HCANN000001: Hibernate Commons Annotations {5.1.2.Final}
2023-01-10 12:27:00.218  INFO 20460 --- [restartedMain] com.zaxxer.hikari.HikariDataSource       : HikariPool-1 - Starting...
2023-01-10 12:27:00.408  INFO 20460 --- [restartedMain] com.zaxxer.hikari.HikariDataSource       : HikariPool-1 - Start completed.
2023-01-10 12:27:00.429  INFO 20460 --- [restartedMain] org.hibernate.dialect.Dialect            : HHH000400: Using dialect: org.hibernate.dialect.MySQL55Dialect
2023-01-10 12:27:01.257  INFO 20460 --- [restartedMain] o.h.e.t.j.p.i.JtaPlatformInitiator       : HHH000490: Using JtaPlatform implementation: [org.hibernate.engine.transaction.jta.platform.internal.NoJtaPlatform]
2023-01-10 12:27:01.266  INFO 20460 --- [restartedMain] j.LocalContainerEntityManagerFactoryBean : Initialized JPA EntityManagerFactory for persistence unit 'default'
2023-01-10 12:27:01.686  WARN 20460 --- [restartedMain] ion$DefaultTemplateResolverConfiguration : Cannot find template location: classpath:/templates/ (please add some templates or check your Thymeleaf configuration)
2023-01-10 12:27:02.043  WARN 20460 --- [restartedMain] JpaBaseConfiguration$JpaWebConfiguration : spring.jpa.open-in-view is enabled by default. Therefore, database queries may be performed during view rendering. Explicitly configure spring.jpa.open-in-view to disable this warning
2023-01-10 12:27:02.391  INFO 20460 --- [restartedMain] o.s.s.web.DefaultSecurityFilterChain     : Will secure any request with [org.springframework.security.web.session.DisableEncodeUrlFilter@42acf05c, org.springframework.security.web.context.request.async.WebAsyncManagerIntegrationFilter@3e5f8b54, org.springframework.security.web.context.SecurityContextPersistenceFilter@7cd63484, org.springframework.security.web.header.HeaderWriterFilter@1d62daeb, org.springframework.web.filter.CorsFilter@633ba75f, org.springframework.security.web.authentication.logout.LogoutFilter@45cc9762, com.kalata.spring.login.security.jwt.AuthTokenFilter@86e62ed, org.springframework.security.web.savedrequest.RequestCacheAwareFilter@4d1496b3, org.springframework.security.web.servletapi.SecurityContextHolderAwareRequestFilter@68644425, org.springframework.security.web.authentication.AnonymousAuthenticationFilter@436e9a63, org.springframework.security.web.session.SessionManagementFilter@3d76131d, org.springframework.security.web.access.ExceptionTranslationFilter@13448a44, org.springframework.security.web.access.intercept.FilterSecurityInterceptor@fae7421]
2023-01-10 12:27:02.660  INFO 20460 --- [restartedMain] o.s.b.d.a.OptionalLiveReloadServer       : LiveReload server is running on port 35729
2023-01-10 12:27:02.701  INFO 20460 --- [restartedMain] o.s.b.w.embedded.tomcat.TomcatWebServer  : Tomcat started on port(s): 8080 (http) with context path ''
2023-01-10 12:27:02.714  INFO 20460 --- [restartedMain] .k.s.l.SpringBootLoginExampleApplication : Started SpringBootLoginExampleApplication in 5.611 seconds (JVM running for 6.545)
2023-01-10 14:11:40.548  INFO 20460 --- [SpringApplicationShutdownHook] j.LocalContainerEntityManagerFactoryBean : Closing JPA EntityManagerFactory for persistence unit 'default'
2023-01-10 14:11:40.613  INFO 20460 --- [SpringApplicationShutdownHook] com.zaxxer.hikari.HikariDataSource       : HikariPool-1 - Shutdown initiated...
2023-01-10 14:11:40.622  INFO 20460 --- [SpringApplicationShutdownHook] com.zaxxer.hikari.HikariDataSource       : HikariPool-1 - Shutdown completed.
2023-01-10 14:11:47.429  INFO 7556 --- [restartedMain] .k.s.l.SpringBootLoginExampleApplication : Starting SpringBootLoginExampleApplication using Java 19.0.1 on DCIREODCPR10 with PID 7556 (C:\Users\jssagara\Desktop\kalata-backend\target\classes started by jssagara in C:\Users\jssagara\Desktop\kalata-backend)
2023-01-10 14:11:47.430  INFO 7556 --- [restartedMain] .k.s.l.SpringBootLoginExampleApplication : No active profile set, falling back to 1 default profile: "default"
2023-01-10 14:11:47.498  INFO 7556 --- [restartedMain] .e.DevToolsPropertyDefaultsPostProcessor : Devtools property defaults active! Set 'spring.devtools.add-properties' to 'false' to disable
2023-01-10 14:11:47.498  INFO 7556 --- [restartedMain] .e.DevToolsPropertyDefaultsPostProcessor : For additional web related logging consider setting the 'logging.level.web' property to 'DEBUG'
2023-01-10 14:11:48.741  INFO 7556 --- [restartedMain] .s.d.r.c.RepositoryConfigurationDelegate : Bootstrapping Spring Data JPA repositories in DEFAULT mode.
2023-01-10 14:11:48.828  INFO 7556 --- [restartedMain] .s.d.r.c.RepositoryConfigurationDelegate : Finished Spring Data repository scanning in 77 ms. Found 8 JPA repository interfaces.
2023-01-10 14:11:49.735  INFO 7556 --- [restartedMain] o.s.b.w.embedded.tomcat.TomcatWebServer  : Tomcat initialized with port(s): 8080 (http)
2023-01-10 14:11:49.753  INFO 7556 --- [restartedMain] o.apache.catalina.core.StandardService   : Starting service [Tomcat]
2023-01-10 14:11:49.755  INFO 7556 --- [restartedMain] org.apache.catalina.core.StandardEngine  : Starting Servlet engine: [Apache Tomcat/9.0.65]
2023-01-10 14:11:49.859  INFO 7556 --- [restartedMain] o.a.c.c.C.[Tomcat].[localhost].[/]       : Initializing Spring embedded WebApplicationContext
2023-01-10 14:11:49.860  INFO 7556 --- [restartedMain] w.s.c.ServletWebServerApplicationContext : Root WebApplicationContext: initialization completed in 2361 ms
2023-01-10 14:11:50.046  INFO 7556 --- [restartedMain] o.hibernate.jpa.internal.util.LogHelper  : HHH000204: Processing PersistenceUnitInfo [name: default]
2023-01-10 14:11:50.107  INFO 7556 --- [restartedMain] org.hibernate.Version                    : HHH000412: Hibernate ORM core version 5.6.10.Final
2023-01-10 14:11:50.293  INFO 7556 --- [restartedMain] o.hibernate.annotations.common.Version   : HCANN000001: Hibernate Commons Annotations {5.1.2.Final}
2023-01-10 14:11:50.398  INFO 7556 --- [restartedMain] com.zaxxer.hikari.HikariDataSource       : HikariPool-1 - Starting...
2023-01-10 14:11:50.571  INFO 7556 --- [restartedMain] com.zaxxer.hikari.HikariDataSource       : HikariPool-1 - Start completed.
2023-01-10 14:11:50.598  INFO 7556 --- [restartedMain] org.hibernate.dialect.Dialect            : HHH000400: Using dialect: org.hibernate.dialect.MySQL55Dialect
2023-01-10 14:11:51.476  INFO 7556 --- [restartedMain] o.h.e.t.j.p.i.JtaPlatformInitiator       : HHH000490: Using JtaPlatform implementation: [org.hibernate.engine.transaction.jta.platform.internal.NoJtaPlatform]
2023-01-10 14:11:51.483  INFO 7556 --- [restartedMain] j.LocalContainerEntityManagerFactoryBean : Initialized JPA EntityManagerFactory for persistence unit 'default'
2023-01-10 14:11:51.933  WARN 7556 --- [restartedMain] ion$DefaultTemplateResolverConfiguration : Cannot find template location: classpath:/templates/ (please add some templates or check your Thymeleaf configuration)
2023-01-10 14:11:52.197  WARN 7556 --- [restartedMain] JpaBaseConfiguration$JpaWebConfiguration : spring.jpa.open-in-view is enabled by default. Therefore, database queries may be performed during view rendering. Explicitly configure spring.jpa.open-in-view to disable this warning
2023-01-10 14:11:52.428  INFO 7556 --- [restartedMain] o.s.s.web.DefaultSecurityFilterChain     : Will secure any request with [org.springframework.security.web.session.DisableEncodeUrlFilter@2a285514, org.springframework.security.web.context.request.async.WebAsyncManagerIntegrationFilter@11eb8f2a, org.springframework.security.web.context.SecurityContextPersistenceFilter@56f92bd5, org.springframework.security.web.header.HeaderWriterFilter@4c3355f9, org.springframework.web.filter.CorsFilter@35905af2, org.springframework.security.web.authentication.logout.LogoutFilter@18d2a728, com.kalata.spring.login.security.jwt.AuthTokenFilter@1b8422d7, org.springframework.security.web.savedrequest.RequestCacheAwareFilter@283e2942, org.springframework.security.web.servletapi.SecurityContextHolderAwareRequestFilter@41406353, org.springframework.security.web.authentication.AnonymousAuthenticationFilter@9d5a603, org.springframework.security.web.session.SessionManagementFilter@d6a8021, org.springframework.security.web.access.ExceptionTranslationFilter@4a778078, org.springframework.security.web.access.intercept.FilterSecurityInterceptor@dc6d7cc]
2023-01-10 14:11:52.786  INFO 7556 --- [restartedMain] o.s.b.d.a.OptionalLiveReloadServer       : LiveReload server is running on port 35729
2023-01-10 14:11:52.829  INFO 7556 --- [restartedMain] o.s.b.w.embedded.tomcat.TomcatWebServer  : Tomcat started on port(s): 8080 (http) with context path ''
2023-01-10 14:11:52.851  INFO 7556 --- [restartedMain] .k.s.l.SpringBootLoginExampleApplication : Started SpringBootLoginExampleApplication in 5.949 seconds (JVM running for 6.582)
2023-01-10 15:33:11.955  INFO 7556 --- [SpringApplicationShutdownHook] j.LocalContainerEntityManagerFactoryBean : Closing JPA EntityManagerFactory for persistence unit 'default'
2023-01-10 15:33:12.007  INFO 7556 --- [SpringApplicationShutdownHook] com.zaxxer.hikari.HikariDataSource       : HikariPool-1 - Shutdown initiated...
2023-01-10 15:33:12.015  INFO 7556 --- [SpringApplicationShutdownHook] com.zaxxer.hikari.HikariDataSource       : HikariPool-1 - Shutdown completed.
2023-01-10 15:33:16.633  INFO 20496 --- [restartedMain] .k.s.l.SpringBootLoginExampleApplication : Starting SpringBootLoginExampleApplication using Java 19.0.1 on DCIREODCPR10 with PID 20496 (C:\Users\jssagara\Desktop\kalata-backend\target\classes started by jssagara in C:\Users\jssagara\Desktop\kalata-backend)
2023-01-10 15:33:16.634  INFO 20496 --- [restartedMain] .k.s.l.SpringBootLoginExampleApplication : No active profile set, falling back to 1 default profile: "default"
2023-01-10 15:33:16.691  INFO 20496 --- [restartedMain] .e.DevToolsPropertyDefaultsPostProcessor : Devtools property defaults active! Set 'spring.devtools.add-properties' to 'false' to disable
2023-01-10 15:33:16.692  INFO 20496 --- [restartedMain] .e.DevToolsPropertyDefaultsPostProcessor : For additional web related logging consider setting the 'logging.level.web' property to 'DEBUG'
2023-01-10 15:33:17.502  INFO 20496 --- [restartedMain] .s.d.r.c.RepositoryConfigurationDelegate : Bootstrapping Spring Data JPA repositories in DEFAULT mode.
2023-01-10 15:33:17.564  INFO 20496 --- [restartedMain] .s.d.r.c.RepositoryConfigurationDelegate : Finished Spring Data repository scanning in 55 ms. Found 8 JPA repository interfaces.
2023-01-10 15:33:18.289  INFO 20496 --- [restartedMain] o.s.b.w.embedded.tomcat.TomcatWebServer  : Tomcat initialized with port(s): 8080 (http)
2023-01-10 15:33:18.323  INFO 20496 --- [restartedMain] o.apache.catalina.core.StandardService   : Starting service [Tomcat]
2023-01-10 15:33:18.327  INFO 20496 --- [restartedMain] org.apache.catalina.core.StandardEngine  : Starting Servlet engine: [Apache Tomcat/9.0.65]
2023-01-10 15:33:18.425  INFO 20496 --- [restartedMain] o.a.c.c.C.[Tomcat].[localhost].[/]       : Initializing Spring embedded WebApplicationContext
2023-01-10 15:33:18.425  INFO 20496 --- [restartedMain] w.s.c.ServletWebServerApplicationContext : Root WebApplicationContext: initialization completed in 1731 ms
2023-01-10 15:33:18.605  INFO 20496 --- [restartedMain] o.hibernate.jpa.internal.util.LogHelper  : HHH000204: Processing PersistenceUnitInfo [name: default]
2023-01-10 15:33:18.645  INFO 20496 --- [restartedMain] org.hibernate.Version                    : HHH000412: Hibernate ORM core version 5.6.10.Final
2023-01-10 15:33:18.790  INFO 20496 --- [restartedMain] o.hibernate.annotations.common.Version   : HCANN000001: Hibernate Commons Annotations {5.1.2.Final}
2023-01-10 15:33:18.889  INFO 20496 --- [restartedMain] com.zaxxer.hikari.HikariDataSource       : HikariPool-1 - Starting...
2023-01-10 15:33:19.016  INFO 20496 --- [restartedMain] com.zaxxer.hikari.HikariDataSource       : HikariPool-1 - Start completed.
2023-01-10 15:33:19.038  INFO 20496 --- [restartedMain] org.hibernate.dialect.Dialect            : HHH000400: Using dialect: org.hibernate.dialect.MySQL55Dialect
2023-01-10 15:33:19.711  INFO 20496 --- [restartedMain] o.h.e.t.j.p.i.JtaPlatformInitiator       : HHH000490: Using JtaPlatform implementation: [org.hibernate.engine.transaction.jta.platform.internal.NoJtaPlatform]
2023-01-10 15:33:19.716  INFO 20496 --- [restartedMain] j.LocalContainerEntityManagerFactoryBean : Initialized JPA EntityManagerFactory for persistence unit 'default'
2023-01-10 15:33:20.076  WARN 20496 --- [restartedMain] ion$DefaultTemplateResolverConfiguration : Cannot find template location: classpath:/templates/ (please add some templates or check your Thymeleaf configuration)
2023-01-10 15:33:20.282  WARN 20496 --- [restartedMain] JpaBaseConfiguration$JpaWebConfiguration : spring.jpa.open-in-view is enabled by default. Therefore, database queries may be performed during view rendering. Explicitly configure spring.jpa.open-in-view to disable this warning
2023-01-10 15:33:20.484  INFO 20496 --- [restartedMain] o.s.s.web.DefaultSecurityFilterChain     : Will secure any request with [org.springframework.security.web.session.DisableEncodeUrlFilter@3196ff18, org.springframework.security.web.context.request.async.WebAsyncManagerIntegrationFilter@31e40861, org.springframework.security.web.context.SecurityContextPersistenceFilter@1db097ac, org.springframework.security.web.header.HeaderWriterFilter@3354fa54, org.springframework.web.filter.CorsFilter@18974ad, org.springframework.security.web.authentication.logout.LogoutFilter@568ffdbb, com.kalata.spring.login.security.jwt.AuthTokenFilter@43c7332a, org.springframework.security.web.savedrequest.RequestCacheAwareFilter@26b68da8, org.springframework.security.web.servletapi.SecurityContextHolderAwareRequestFilter@52ae3dcc, org.springframework.security.web.authentication.AnonymousAuthenticationFilter@1ee98812, org.springframework.security.web.session.SessionManagementFilter@5b2cccea, org.springframework.security.web.access.ExceptionTranslationFilter@68ae2952, org.springframework.security.web.access.intercept.FilterSecurityInterceptor@42e84348]
2023-01-10 15:33:20.805  INFO 20496 --- [restartedMain] o.s.b.d.a.OptionalLiveReloadServer       : LiveReload server is running on port 35729
2023-01-10 15:33:20.853  INFO 20496 --- [restartedMain] o.s.b.w.embedded.tomcat.TomcatWebServer  : Tomcat started on port(s): 8080 (http) with context path ''
2023-01-10 15:33:20.863  INFO 20496 --- [restartedMain] .k.s.l.SpringBootLoginExampleApplication : Started SpringBootLoginExampleApplication in 4.619 seconds (JVM running for 5.343)
2023-01-10 15:41:48.814  INFO 20496 --- [SpringApplicationShutdownHook] j.LocalContainerEntityManagerFactoryBean : Closing JPA EntityManagerFactory for persistence unit 'default'
2023-01-10 15:41:48.820  INFO 20496 --- [SpringApplicationShutdownHook] com.zaxxer.hikari.HikariDataSource       : HikariPool-1 - Shutdown initiated...
2023-01-10 15:41:48.830  INFO 20496 --- [SpringApplicationShutdownHook] com.zaxxer.hikari.HikariDataSource       : HikariPool-1 - Shutdown completed.
2023-01-10 15:41:52.852  INFO 23308 --- [restartedMain] .k.s.l.SpringBootLoginExampleApplication : Starting SpringBootLoginExampleApplication using Java 19.0.1 on DCIREODCPR10 with PID 23308 (C:\Users\jssagara\Desktop\kalata-backend\target\classes started by jssagara in C:\Users\jssagara\Desktop\kalata-backend)
2023-01-10 15:41:52.854  INFO 23308 --- [restartedMain] .k.s.l.SpringBootLoginExampleApplication : No active profile set, falling back to 1 default profile: "default"
2023-01-10 15:41:52.911  INFO 23308 --- [restartedMain] .e.DevToolsPropertyDefaultsPostProcessor : Devtools property defaults active! Set 'spring.devtools.add-properties' to 'false' to disable
2023-01-10 15:41:52.911  INFO 23308 --- [restartedMain] .e.DevToolsPropertyDefaultsPostProcessor : For additional web related logging consider setting the 'logging.level.web' property to 'DEBUG'
2023-01-10 15:41:53.641  INFO 23308 --- [restartedMain] .s.d.r.c.RepositoryConfigurationDelegate : Bootstrapping Spring Data JPA repositories in DEFAULT mode.
2023-01-10 15:41:53.700  INFO 23308 --- [restartedMain] .s.d.r.c.RepositoryConfigurationDelegate : Finished Spring Data repository scanning in 51 ms. Found 8 JPA repository interfaces.
2023-01-10 15:41:54.415  INFO 23308 --- [restartedMain] o.s.b.w.embedded.tomcat.TomcatWebServer  : Tomcat initialized with port(s): 8080 (http)
2023-01-10 15:41:54.424  INFO 23308 --- [restartedMain] o.apache.catalina.core.StandardService   : Starting service [Tomcat]
2023-01-10 15:41:54.425  INFO 23308 --- [restartedMain] org.apache.catalina.core.StandardEngine  : Starting Servlet engine: [Apache Tomcat/9.0.65]
2023-01-10 15:41:54.498  INFO 23308 --- [restartedMain] o.a.c.c.C.[Tomcat].[localhost].[/]       : Initializing Spring embedded WebApplicationContext
2023-01-10 15:41:54.499  INFO 23308 --- [restartedMain] w.s.c.ServletWebServerApplicationContext : Root WebApplicationContext: initialization completed in 1587 ms
2023-01-10 15:41:54.683  INFO 23308 --- [restartedMain] o.hibernate.jpa.internal.util.LogHelper  : HHH000204: Processing PersistenceUnitInfo [name: default]
2023-01-10 15:41:54.755  INFO 23308 --- [restartedMain] org.hibernate.Version                    : HHH000412: Hibernate ORM core version 5.6.10.Final
2023-01-10 15:41:54.943  INFO 23308 --- [restartedMain] o.hibernate.annotations.common.Version   : HCANN000001: Hibernate Commons Annotations {5.1.2.Final}
2023-01-10 15:41:55.028  INFO 23308 --- [restartedMain] com.zaxxer.hikari.HikariDataSource       : HikariPool-1 - Starting...
2023-01-10 15:41:55.161  INFO 23308 --- [restartedMain] com.zaxxer.hikari.HikariDataSource       : HikariPool-1 - Start completed.
2023-01-10 15:41:55.191  INFO 23308 --- [restartedMain] org.hibernate.dialect.Dialect            : HHH000400: Using dialect: org.hibernate.dialect.MySQL55Dialect
2023-01-10 15:41:55.886  INFO 23308 --- [restartedMain] o.h.e.t.j.p.i.JtaPlatformInitiator       : HHH000490: Using JtaPlatform implementation: [org.hibernate.engine.transaction.jta.platform.internal.NoJtaPlatform]
2023-01-10 15:41:55.891  INFO 23308 --- [restartedMain] j.LocalContainerEntityManagerFactoryBean : Initialized JPA EntityManagerFactory for persistence unit 'default'
2023-01-10 15:41:56.260  WARN 23308 --- [restartedMain] ion$DefaultTemplateResolverConfiguration : Cannot find template location: classpath:/templates/ (please add some templates or check your Thymeleaf configuration)
2023-01-10 15:41:56.508  WARN 23308 --- [restartedMain] JpaBaseConfiguration$JpaWebConfiguration : spring.jpa.open-in-view is enabled by default. Therefore, database queries may be performed during view rendering. Explicitly configure spring.jpa.open-in-view to disable this warning
2023-01-10 15:41:56.699  INFO 23308 --- [restartedMain] o.s.s.web.DefaultSecurityFilterChain     : Will secure any request with [org.springframework.security.web.session.DisableEncodeUrlFilter@155cf22c, org.springframework.security.web.context.request.async.WebAsyncManagerIntegrationFilter@1724a129, org.springframework.security.web.context.SecurityContextPersistenceFilter@27756ddc, org.springframework.security.web.header.HeaderWriterFilter@58993ac1, org.springframework.web.filter.CorsFilter@2850da2b, org.springframework.security.web.authentication.logout.LogoutFilter@7c508763, com.kalata.spring.login.security.jwt.AuthTokenFilter@2d1f9de4, org.springframework.security.web.savedrequest.RequestCacheAwareFilter@e540ebe, org.springframework.security.web.servletapi.SecurityContextHolderAwareRequestFilter@43320f90, org.springframework.security.web.authentication.AnonymousAuthenticationFilter@6c568565, org.springframework.security.web.session.SessionManagementFilter@3762602d, org.springframework.security.web.access.ExceptionTranslationFilter@a5adf98, org.springframework.security.web.access.intercept.FilterSecurityInterceptor@16e28305]
2023-01-10 15:41:57.035  INFO 23308 --- [restartedMain] o.s.b.d.a.OptionalLiveReloadServer       : LiveReload server is running on port 35729
2023-01-10 15:41:57.091  INFO 23308 --- [restartedMain] o.s.b.w.embedded.tomcat.TomcatWebServer  : Tomcat started on port(s): 8080 (http) with context path ''
2023-01-10 15:41:57.103  INFO 23308 --- [restartedMain] .k.s.l.SpringBootLoginExampleApplication : Started SpringBootLoginExampleApplication in 4.637 seconds (JVM running for 5.111)
2023-01-10 16:25:27.807  INFO 23308 --- [SpringApplicationShutdownHook] j.LocalContainerEntityManagerFactoryBean : Closing JPA EntityManagerFactory for persistence unit 'default'
2023-01-10 16:25:27.854  INFO 23308 --- [SpringApplicationShutdownHook] com.zaxxer.hikari.HikariDataSource       : HikariPool-1 - Shutdown initiated...
2023-01-10 16:25:27.868  INFO 23308 --- [SpringApplicationShutdownHook] com.zaxxer.hikari.HikariDataSource       : HikariPool-1 - Shutdown completed.
